  main_my_game.cpp
e:\github\random maze walker\tiny2d\include\table_file_core.h(37): warning C4244: 'initializing': conversion from '__int64' to 'unsigned int', possible loss of data
e:\github\random maze walker\tiny2d\include\table_file_core.h(40): warning C4244: 'argument': conversion from '__int64' to 'size_t', possible loss of data
e:\github\random maze walker\tiny2d\include\table_file_core.h(70): warning C4244: '=': conversion from '__int64' to 'unsigned int', possible loss of data
e:\github\random maze walker\tiny2d\include\table_file_core.h(102): warning C4244: 'initializing': conversion from '__int64' to 'unsigned int', possible loss of data
e:\github\random maze walker\tiny2d\include\table_file_core.h(116): warning C4244: '=': conversion from '__int64' to 'unsigned int', possible loss of data
e:\github\random maze walker\tiny2d\include\grid_core.h(41): warning C4244: '=': conversion from 'float' to 'int', possible loss of data
e:\github\random maze walker\tiny2d\include\grid_core.h(42): warning C4244: '=': conversion from 'float' to 'int', possible loss of data
e:\github\random maze walker\tiny2d\include\grid_core.h(47): warning C4244: '=': conversion from 'const float' to 'int', possible loss of data
e:\github\random maze walker\tiny2d\include\grid_core.h(48): warning C4244: '=': conversion from 'const float' to 'int', possible loss of data
e:\github\random maze walker\tiny2d\include\grid_core.h(49): warning C4244: '=': conversion from 'float' to 'int', possible loss of data
e:\github\random maze walker\tiny2d\include\grid_core.h(50): warning C4244: '=': conversion from 'float' to 'int', possible loss of data
e:\github\random maze walker\tiny2d\include\grid_core.h(78): warning C4244: 'initializing': conversion from 'const float' to 'int', possible loss of data
e:\github\random maze walker\tiny2d\include\grid_core.h(79): warning C4244: 'initializing': conversion from 'const float' to 'int', possible loss of data
e:\github\random maze walker\tiny2d\include\grid_core.h(80): warning C4244: 'initializing': conversion from 'float' to 'int', possible loss of data
e:\github\random maze walker\tiny2d\include\grid_core.h(81): warning C4244: 'initializing': conversion from 'float' to 'int', possible loss of data
e:\github\random maze walker\tiny2d\include\grid_core.h(95): warning C4244: 'initializing': conversion from 'const float' to 'int', possible loss of data
e:\github\random maze walker\tiny2d\include\grid_core.h(96): warning C4244: 'initializing': conversion from 'const float' to 'int', possible loss of data
e:\github\random maze walker\tiny2d\include\grid_core.h(97): warning C4244: 'initializing': conversion from 'float' to 'int', possible loss of data
e:\github\random maze walker\tiny2d\include\grid_core.h(98): warning C4244: 'initializing': conversion from 'float' to 'int', possible loss of data
e:\github\random maze walker\tiny2d\include\grid_core.h(134): warning C4244: 'initializing': conversion from 'const float' to 'int', possible loss of data
e:\github\random maze walker\tiny2d\include\grid_core.h(135): warning C4244: 'initializing': conversion from 'const float' to 'int', possible loss of data
e:\github\random maze walker\tiny2d\include\grid_core.h(136): warning C4244: 'initializing': conversion from 'float' to 'int', possible loss of data
e:\github\random maze walker\tiny2d\include\grid_core.h(137): warning C4244: 'initializing': conversion from 'float' to 'int', possible loss of data
e:\github\random maze walker\tiny2d\include\grid_core.h(155): warning C4244: '=': conversion from 'double' to 'unsigned char', possible loss of data
e:\github\random maze walker\tiny2d\include\grid_core.h(159): warning C4244: '=': conversion from 'double' to 'unsigned char', possible loss of data
e:\github\random maze walker\tiny2d\include\grid_core.h(163): warning C4244: '=': conversion from 'double' to 'unsigned char', possible loss of data
e:\github\random maze walker\tiny2d\include\grid_core.h(180): warning C4018: '<': signed/unsigned mismatch
e:\github\random maze walker\tiny2d\include\grid_core.h(189): warning C4018: '<': signed/unsigned mismatch
e:\github\random maze walker\tiny2d\include\grid_core.h(191): warning C4018: '<': signed/unsigned mismatch
e:\github\random maze walker\tiny2d\include\grid_camera_core.h(56): warning C4244: 'initializing': conversion from 'float' to 'int', possible loss of data
e:\github\random maze walker\tiny2d\include\grid_camera_core.h(57): warning C4244: 'initializing': conversion from 'float' to 'int', possible loss of data
e:\github\random maze walker\tiny2d\include\grid_camera_core.h(59): warning C4244: '=': conversion from 'float' to 'int', possible loss of data
e:\github\random maze walker\tiny2d\include\grid_camera_core.h(60): warning C4244: '=': conversion from 'float' to 'int', possible loss of data
e:\github\random maze walker\tiny2d\include\grid_camera_core.h(61): warning C4244: '=': conversion from 'float' to 'int', possible loss of data
e:\github\random maze walker\tiny2d\include\grid_camera_core.h(62): warning C4244: '=': conversion from 'float' to 'int', possible loss of data
e:\github\random maze walker\tiny2d\include\shape_core.h(55): warning C4244: 'initializing': conversion from 'double' to 'float', possible loss of data
e:\github\random maze walker\tiny2d\include\shape_core.h(56): warning C4244: 'initializing': conversion from 'double' to 'float', possible loss of data
e:\github\random maze walker\tiny2d\include\shape_core.h(57): warning C4244: 'initializing': conversion from 'double' to 'float', possible loss of data
e:\github\random maze walker\tiny2d\include\shape_core.h(58): warning C4244: 'initializing': conversion from 'double' to 'float', possible loss of data
e:\github\random maze walker\tiny2d\include\shape_core.h(88): warning C4244: '=': conversion from 'float' to 'int', possible loss of data
e:\github\random maze walker\tiny2d\include\shape_core.h(89): warning C4244: '=': conversion from 'float' to 'int', possible loss of data
e:\github\random maze walker\tiny2d\include\shape_core.h(90): warning C4244: '=': conversion from 'float' to 'int', possible loss of data
e:\github\random maze walker\tiny2d\include\shape_core.h(91): warning C4244: '=': conversion from 'float' to 'int', possible loss of data
e:\github\random maze walker\tiny2d\include\shape_core.h(121): warning C4244: 'argument': conversion from 'double' to 'int', possible loss of data
e:\github\random maze walker\tiny2d\include\tileset_core.h(73): warning C4244: 'initializing': conversion from 'const float' to 'int', possible loss of data
e:\github\random maze walker\tiny2d\include\tileset_core.h(74): warning C4244: 'initializing': conversion from 'const float' to 'int', possible loss of data
e:\github\random maze walker\tiny2d\include\tileset_core.h(75): warning C4244: 'initializing': conversion from 'float' to 'int', possible loss of data
e:\github\random maze walker\tiny2d\include\tileset_core.h(76): warning C4244: 'initializing': conversion from 'float' to 'int', possible loss of data
e:\github\random maze walker\tiny2d\include\font_core.h(94): warning C4244: 'argument': conversion from 'float' to 'int', possible loss of data
e:\github\random maze walker\tiny2d\include\collision_core.h(21): warning C4244: '=': conversion from 'double' to 'float', possible loss of data
e:\github\random maze walker\tiny2d\include\collision_core.h(22): warning C4244: '=': conversion from 'double' to 'float', possible loss of data
e:\github\random maze walker\tiny2d\include\sprite_core.h(59): warning C4018: '>=': signed/unsigned mismatch
e:\github\random maze walker\tiny2d\include\sprite_core.h(94): warning C4473: 'fscanf' : not enough arguments passed for format string
  e:\github\random maze walker\tiny2d\include\sprite_core.h(94): note: placeholders and their parameters expect 7 variadic arguments, but 6 were provided
  e:\github\random maze walker\tiny2d\include\sprite_core.h(94): note: the missing variadic argument 7 is required by format string '%f'
e:\github\random maze walker\tiny2d\include\body_core.h(88): warning C4244: '*=': conversion from 'double' to 'float', possible loss of data
e:\github\random maze walker\tiny2d\include\body_core.h(89): warning C4244: '*=': conversion from 'double' to 'float', possible loss of data
e:\github\random maze walker\tiny2d\include\light_core.h(81): warning C4838: conversion from 'int' to 'float' requires a narrowing conversion
e:\github\random maze walker\tiny2d\include\light_core.h(81): warning C4244: 'initializing': conversion from 'int' to 'float', possible loss of data
e:\github\random maze walker\tiny2d\include\actor_core.h(282): warning C4244: 'argument': conversion from 'float' to 'int', possible loss of data
e:\github\random maze walker\tiny2d\include\actor_core.h(281): warning C4244: 'argument': conversion from 'float' to 'int', possible loss of data
e:\github\random maze walker\tiny2d\include\actor_core.h(280): warning C4244: 'argument': conversion from 'float' to 'int', possible loss of data
e:\github\random maze walker\tiny2d\include\actor_core.h(279): warning C4244: 'argument': conversion from 'float' to 'int', possible loss of data
e:\github\random maze walker\tiny2d\include\actor_core.h(305): warning C4244: 'argument': conversion from 'float' to 'int', possible loss of data
e:\github\random maze walker\tiny2d\include\actor_core.h(304): warning C4244: 'argument': conversion from 'float' to 'int', possible loss of data
e:\github\random maze walker\tiny2d\include\actor_core.h(303): warning C4244: 'argument': conversion from 'float' to 'int', possible loss of data
e:\github\random maze walker\tiny2d\include\actor_core.h(302): warning C4244: 'argument': conversion from 'float' to 'int', possible loss of data
e:\github\random maze walker\tiny2d\include\particle_core.h(72): warning C4244: '=': conversion from 'double' to 'int', possible loss of data
e:\github\random maze walker\tiny2d\include\particle_core.h(82): warning C4244: '=': conversion from 'double' to 'float', possible loss of data
e:\github\random maze walker\tiny2d\include\particle_core.h(83): warning C4244: '=': conversion from 'double' to 'float', possible loss of data
e:\github\random maze walker\tiny2d\include\particle_core.h(100): warning C4018: '>=': signed/unsigned mismatch
e:\github\random maze walker\tiny2d\include\particle_core.h(152): warning C4244: 'initializing': conversion from 'double' to 'float', possible loss of data
e:\github\random maze walker\tiny2d\include\particle_core.h(161): warning C4244: 'argument': conversion from 'float' to 'unsigned char', possible loss of data
e:\github\random maze walker\tiny2d\include\particle_core.h(158): warning C4244: 'argument': conversion from 'float' to 'int', possible loss of data
e:\github\random maze walker\tiny2d\include\particle_core.h(157): warning C4244: 'argument': conversion from 'float' to 'int', possible loss of data
e:\github\random maze walker\tiny2d\include\particle_core.h(156): warning C4244: 'argument': conversion from 'float' to 'int', possible loss of data
e:\github\random maze walker\tiny2d\include\particle_core.h(155): warning C4244: 'argument': conversion from 'float' to 'int', possible loss of data
e:\github\random maze walker\tiny2d\my_game.h(59): warning C4244: 'argument': conversion from 'time_t' to 'unsigned int', possible loss of data
e:\github\random maze walker\tiny2d\my_game.h(80): warning C4244: '=': conversion from 'int' to 'float', possible loss of data
e:\github\random maze walker\tiny2d\my_game.h(81): warning C4244: '=': conversion from 'int' to 'float', possible loss of data
e:\github\random maze walker\tiny2d\main_my_game.cpp(24): warning C4244: 'initializing': conversion from 'double' to 'float', possible loss of data
e:\github\random maze walker\tiny2d\main_my_game.cpp(34): warning C4244: 'initializing': conversion from 'double' to 'float', possible loss of data
  Generating code
  1 of 31 functions ( 3.2%) were compiled, the rest were copied from previous compilation.
    0 functions were new in current compilation
    1 functions had inline decision re-evaluated but remain unchanged
  Finished generating code
  SDL_grader.vcxproj -> E:\Github\Random Maze Walker\tiny2D\Release\SDL_grader.exe
